git remote set-url origin https://skrepecki:ghp _ soZlz0fxaSFTm7AsXKcSVvnASeHXfh35x9yc@github.com/skrepecki/fp2.git

¿Qué es la iniciativa emprendedora?
¿Por qué es una necesidad eso de emprender?
¿Puede emprender cualquier persona o debe contar con unas características determinadas?
¿Cuál será tu idea de negocio y cómo la evaluarás y seleccionarás?
¿Qué ideas de negocio son viables en tu sector profesional?
¿Qué implicaciones tiene una actividad emprendedora?
¿Objetivos, estrategias, riesgos?
¿Qué es un Plan de Empresa y cuáles son sus partes principales?

1.1.- ¿Qué es?
1.2.- Las barreras para emprender.
1.3.- La necesidad.

2.- La persona emprendedora.
2.1.- ¿Qué hace?
2.2.- Características.
2.3.- Emprendedores y emprendedoras sociales.

3.- La idea de negocio
3.1.- Detectar oportunidades.
3.2.- Características.
3.3.- Generando ideas.
3.4.- Selección de ideas.

Desarrollo de Software Personalizado para PYMEs
Creación de soluciones de software a medida, adaptadas a las necesidades específicas de pequeñas y medianas empresas.
Servicios de mantenimiento y actualizaciones del software.
Asesoría tecnológica para implementar soluciones que optimicen procesos operativos.

Servicios de Ciberseguridad para Empresas.
Evaluación de la seguridad informática de las empresas.
Implementación de sistemas de defensa frente a ataques cibernéticos y asesoramiento en buenas prácticas de seguridad.
Servicios de recuperación de datos y mitigación de riesgos.

Soluciones de Cloud Computing para Negocios.
Ofrecimiento de servicios de almacenamiento y gestión de datos en la nube.
Creación de infraestructuras cloud para empresas que buscan deslocalizar sus servidores.
Mantenimiento y monitorización de la seguridad y funcionamiento de las soluciones en la nube.

El negocio se enfocará en el desarrollo de software personalizado para pequeñas y medianas empresas que requieren soluciones tecnológicas a medida. La empresa diseñará aplicaciones específicas para automatización de procesos internos, gestión de inventarios, facturación, sistemas ERP y CRM, entre otros, adaptados a las necesidades particulares de cada cliente.

El desarrollo de software personalizado es un área de alto crecimiento, con gran demanda, especialmente entre las PYMEs que buscan optimizar su gestión interna. Además, cuento con formación y experiencia en desarrollo web y aplicaciones, lo que me posiciona bien para ofrecer servicios de calidad en este sector.

Principalmente, empresas que necesitan mejorar su eficiencia operativa y digitalizar procesos internos. Estas empresas requieren soluciones que no encuentran en el software genérico del mercado, ya que sus necesidades son muy específicas.


Establecer una base sólida de clientes en Cantabria y el País Vasco.

Desarrollo de Aplicaciones Web (DAW)

Corto Plazo (1 año):
Establecer una base sólida de clientes en Cantabria y el País Vasco.


Diseñar y entregar al menos cinco proyectos de software personalizados en el primer año de operaciones, garantizando que las soluciones se ajusten a las necesidades y expectativas del cliente, lo que permitirá generar confianza en el mercado y crear una base de clientes recurrentes.


Implementar un plan de marketing y ventas que permita posicionar la empresa en Cantabria y comunidades autónomas cercanas como el País Vasco, generando una red de contactos y alianzas estratégicas con otras empresas del sector tecnológico para ampliar la oferta de servicios y obtener proyectos más complejos a mediano plazo.


Expansión geográfica y alianzas estratégicas: Ampliar el mercado hacia las regiones cercanas como el País Vasco y Asturias. Además, crear alianzas con otras empresas tecnológicas o de servicios complementarios (como consultoras y agencias de marketing) para aumentar la oferta de servicios, lo que permitirá ofrecer soluciones más completas a clientes.

Escalabilidad en servicios: Introducir servicios adicionales como mantenimiento de software y soporte técnico continuo para fidelizar a los clientes existentes y generar ingresos recurrentes.

Internacionalización: Explorar la posibilidad de expansión internacional hacia mercados europeos, aprovechando programas de apoyo a la internacionalización y posibles subvenciones para empresas tecnológicas.